<?xml version="1.0" encoding="UTF-8" ?>
<testsuites>
  <testsuite errors="0" failures="0" hostname="i52500k" id="0" name="QuoteServiceSpec" package="qotd" tests="1" time="1.888" timestamp="2015-05-05T00:36:12">
      <properties />

      <testcase classname="qotd.QuoteServiceSpec" name="static quote service always returns quiche quote" time="1.808" />

      <system-out><![CDATA[--Output from static quote service always returns quiche quote--
]]></system-out>

      <system-err><![CDATA[--Output from static quote service always returns quiche quote--
]]></system-err>

  </testsuite>
</testsuites>
